0 info it worked if it ends with ok
1 verbose cli [ 'C:\\Program Files\\nodejs\\node.exe',
1 verbose cli   'C:\\Program Files\\nodejs\\node_modules\\npm\\bin\\npm-cli.js',
1 verbose cli   'start' ]
2 info using npm@3.10.10
3 info using node@v6.9.5
4 verbose run-script [ 'prestart', 'start', 'poststart' ]
5 info lifecycle typescript-react-redux-boilerplate@1.0.0~prestart: typescript-react-redux-boilerplate@1.0.0
6 silly lifecycle typescript-react-redux-boilerplate@1.0.0~prestart: no script for prestart, continuing
7 info lifecycle typescript-react-redux-boilerplate@1.0.0~start: typescript-react-redux-boilerplate@1.0.0
8 verbose lifecycle typescript-react-redux-boilerplate@1.0.0~start: unsafe-perm in lifecycle true
9 verbose lifecycle typescript-react-redux-boilerplate@1.0.0~start: PATH: C:\Program Files\nodejs\node_modules\npm\bin\node-gyp-bin;G:\react-redux-typescript-boilerplate-master\node_modules\.bin;C:\Program Files (x86)\PC Connectivity Solution\;C:\Program Files (x86)\AMD APP\bin\x86_64;C:\Program Files (x86)\AMD APP\bin\x86;c:\Program Files (x86)\Intel\iCLS Client\;c:\Program Files\Intel\iCLS Client\;C:\Windows\system32;C:\Windows;C:\Windows\System32\Wbem;C:\Windows\System32\WindowsPowerShell\v1.0\;C:\Program Files\Intel\Intel(R) Management Engine Components\DAL;C:\Program Files\Intel\Intel(R) Management Engine Components\IPT;C:\Program Files (x86)\Intel\Intel(R) Management Engine Components\DAL;C:\Program Files (x86)\Intel\Intel(R) Management Engine Components\IPT;C:\Program Files (x86)\ATI Technologies\ATI.ACE\Core-Static;C:\Program Files (x86)\Microsoft SQL Server\110\DTS\Binn\;C:\Program Files (x86)\Microsoft SQL Server\110\Tools\Binn\;C:\Program Files (x86)\Microsoft SQL Server\110\Tools\Binn\ManagementStudio\;C:\Program Files (x86)\Microsoft Visual Studio 10.0\Common7\IDE\PrivateAssemblies\;C:\Program Files (x86)\Windows Kits\8.1\Windows Performance Toolkit\;C:\Program Files\Microsoft SQL Server\110\Tools\Binn\;C:\Program Files (x86)\Hewlett-Packard\HP ProtectTools Security Manager\Bin\;C:\Program Files\TortoiseGit\bin;C:\Program Files\Git\cmd;C:\Program Files\nodejs\;C:\Program Files (x86)\Skype\Phone\;C:\Users\hp\AppData\Local\atom\bin;C:\Users\hp\AppData\Roaming\npm;C:\Program Files (x86)\Microsoft VS Code\bin
10 verbose lifecycle typescript-react-redux-boilerplate@1.0.0~start: CWD: G:\react-redux-typescript-boilerplate-master
11 silly lifecycle typescript-react-redux-boilerplate@1.0.0~start: Args: [ '/d /s /c',
11 silly lifecycle   'webpack-dev-server --debug --devtool cheap-module-source-map --output-pathinfo --history-api-fallback --hot --inline --progress --colors --port 7000 --open' ]
12 silly lifecycle typescript-react-redux-boilerplate@1.0.0~start: Returned: code: 3221225786  signal: null
13 info lifecycle typescript-react-redux-boilerplate@1.0.0~start: Failed to exec start script
14 verbose stack Error: typescript-react-redux-boilerplate@1.0.0 start: `webpack-dev-server --debug --devtool cheap-module-source-map --output-pathinfo --history-api-fallback --hot --inline --progress --colors --port 7000 --open`
14 verbose stack Exit status 3221225786
14 verbose stack     at EventEmitter.<anonymous> (C:\Program Files\nodejs\node_modules\npm\lib\utils\lifecycle.js:255:16)
14 verbose stack     at emitTwo (events.js:106:13)
14 verbose stack     at EventEmitter.emit (events.js:191:7)
14 verbose stack     at ChildProcess.<anonymous> (C:\Program Files\nodejs\node_modules\npm\lib\utils\spawn.js:40:14)
14 verbose stack     at emitTwo (events.js:106:13)
14 verbose stack     at ChildProcess.emit (events.js:191:7)
14 verbose stack     at maybeClose (internal/child_process.js:877:16)
14 verbose stack     at Process.ChildProcess._handle.onexit (internal/child_process.js:226:5)
15 verbose pkgid typescript-react-redux-boilerplate@1.0.0
16 verbose cwd G:\react-redux-typescript-boilerplate-master
17 error Windows_NT 6.2.9200
18 error argv "C:\\Program Files\\nodejs\\node.exe" "C:\\Program Files\\nodejs\\node_modules\\npm\\bin\\npm-cli.js" "start"
19 error node v6.9.5
20 error npm  v3.10.10
21 error code ELIFECYCLE
22 error typescript-react-redux-boilerplate@1.0.0 start: `webpack-dev-server --debug --devtool cheap-module-source-map --output-pathinfo --history-api-fallback --hot --inline --progress --colors --port 7000 --open`
22 error Exit status 3221225786
23 error Failed at the typescript-react-redux-boilerplate@1.0.0 start script 'webpack-dev-server --debug --devtool cheap-module-source-map --output-pathinfo --history-api-fallback --hot --inline --progress --colors --port 7000 --open'.
23 error Make sure you have the latest version of node.js and npm installed.
23 error If you do, this is most likely a problem with the typescript-react-redux-boilerplate package,
23 error not with npm itself.
23 error Tell the author that this fails on your system:
23 error     webpack-dev-server --debug --devtool cheap-module-source-map --output-pathinfo --history-api-fallback --hot --inline --progress --colors --port 7000 --open
23 error You can get information on how to open an issue for this project with:
23 error     npm bugs typescript-react-redux-boilerplate
23 error Or if that isn't available, you can get their info via:
23 error     npm owner ls typescript-react-redux-boilerplate
23 error There is likely additional logging output above.
24 verbose exit [ 1, true ]
